{"/Users/horanzu/Documents/programming/personal_projects/minesweeper/minesweeper/board.js": {"path":"/Users/horanzu/Documents/programming/personal_projects/minesweeper/minesweeper/board.js","statementMap":{"0":{"start":{"line":1,"column":0},"end":{"line":null,"column":-1}},"1":{"start":{"line":2,"column":0},"end":{"line":null,"column":-1}},"2":{"start":{"line":3,"column":0},"end":{"line":null,"column":-1}},"3":{"start":{"line":4,"column":0},"end":{"line":null,"column":-1}},"4":{"start":{"line":5,"column":0},"end":{"line":null,"column":-1}},"5":{"start":{"line":17,"column":16},"end":{"line":17,"column":4}},"6":{"start":{"line":18,"column":4},"end":{"line":20,"column":5}},"7":{"start":{"line":19,"column":6},"end":{"line":null,"column":-1}},"8":{"start":{"line":21,"column":4},"end":{"line":null,"column":-1}},"9":{"start":{"line":25,"column":16},"end":{"line":25,"column":4}},"10":{"start":{"line":26,"column":4},"end":{"line":40,"column":5}},"11":{"start":{"line":27,"column":17},"end":{"line":27,"column":6}},"12":{"start":{"line":28,"column":6},"end":{"line":39,"column":7}},"13":{"start":{"line":29,"column":8},"end":{"line":null,"column":-1}},"14":{"start":{"line":30,"column":8},"end":{"line":null,"column":-1}},"15":{"start":{"line":31,"column":33},"end":{"line":31,"column":8}},"16":{"start":{"line":32,"column":8},"end":{"line":null,"column":-1}},"17":{"start":{"line":33,"column":10},"end":{"line":37,"column":11}},"18":{"start":{"line":34,"column":12},"end":{"line":36,"column":13}},"19":{"start":{"line":35,"column":14},"end":{"line":null,"column":-1}},"20":{"start":{"line":41,"column":4},"end":{"line":null,"column":-1}},"21":{"start":{"line":45,"column":21},"end":{"line":45,"column":4}},"22":{"start":{"line":46,"column":4},"end":{"line":null,"column":-1}},"23":{"start":{"line":47,"column":4},"end":{"line":null,"column":-1}},"24":{"start":{"line":50,"column":36},"end":{"line":null,"column":-1}},"25":{"start":{"line":51,"column":29},"end":{"line":51,"column":4}},"26":{"start":{"line":52,"column":4},"end":{"line":null,"column":-1}},"27":{"start":{"line":53,"column":6},"end":{"line":61,"column":7}},"28":{"start":{"line":54,"column":8},"end":{"line":60,"column":9}},"29":{"start":{"line":55,"column":10},"end":{"line":null,"column":-1}},"30":{"start":{"line":56,"column":10},"end":{"line":null,"column":-1}},"31":{"start":{"line":57,"column":10},"end":{"line":59,"column":11}},"32":{"start":{"line":58,"column":12},"end":{"line":null,"column":-1}},"33":{"start":{"line":65,"column":19},"end":{"line":null,"column":-1}},"34":{"start":{"line":66,"column":4},"end":{"line":null,"column":-1}},"35":{"start":{"line":67,"column":20},"end":{"line":67,"column":6}},"36":{"start":{"line":68,"column":6},"end":{"line":null,"column":-1}},"37":{"start":{"line":69,"column":6},"end":{"line":null,"column":-1}},"38":{"start":{"line":70,"column":6},"end":{"line":72,"column":7}},"39":{"start":{"line":71,"column":8},"end":{"line":null,"column":-1}},"40":{"start":{"line":73,"column":6},"end":{"line":null,"column":-1}},"41":{"start":{"line":81,"column":4},"end":{"line":null,"column":-1}},"42":{"start":{"line":82,"column":20},"end":{"line":82,"column":6}},"43":{"start":{"line":83,"column":6},"end":{"line":null,"column":-1}},"44":{"start":{"line":84,"column":6},"end":{"line":null,"column":-1}},"45":{"start":{"line":91,"column":4},"end":{"line":117,"column":5}},"46":{"start":{"line":92,"column":6},"end":{"line":null,"column":-1}},"47":{"start":{"line":93,"column":29},"end":{"line":93,"column":8}},"48":{"start":{"line":93,"column":49},"end":{"line":null,"column":-1}},"49":{"start":{"line":99,"column":8},"end":{"line":null,"column":-1}},"50":{"start":{"line":105,"column":6},"end":{"line":null,"column":-1}},"51":{"start":{"line":106,"column":29},"end":{"line":106,"column":8}},"52":{"start":{"line":106,"column":49},"end":{"line":null,"column":-1}},"53":{"start":{"line":112,"column":8},"end":{"line":null,"column":-1}},"54":{"start":{"line":120,"column":11},"end":{"line":null,"column":-1}},"55":{"start":{"line":121,"column":4},"end":{"line":null,"column":-1}},"56":{"start":{"line":131,"column":32},"end":{"line":null,"column":-1}}},"fnMap":{"0":{"name":"(anonymous_11)","decl":{"start":{"line":32,"column":33},"end":{"line":32,"column":40}},"loc":{"start":{"line":32,"column":41},"end":{"line":32,"column":8}}},"1":{"name":"(anonymous_14)","decl":{"start":{"line":52,"column":29},"end":{"line":52,"column":36}},"loc":{"start":{"line":52,"column":37},"end":{"line":52,"column":4}}},"2":{"name":"(anonymous_16)","decl":{"start":{"line":66,"column":18},"end":{"line":66,"column":30}},"loc":{"start":{"line":66,"column":31},"end":{"line":66,"column":4}}},"3":{"name":"(anonymous_18)","decl":{"start":{"line":81,"column":18},"end":{"line":81,"column":30}},"loc":{"start":{"line":81,"column":31},"end":{"line":81,"column":4}}},"4":{"name":"(anonymous_20)","decl":{"start":{"line":92,"column":20},"end":{"line":92,"column":32}},"loc":{"start":{"line":92,"column":33},"end":{"line":92,"column":6}}},"5":{"name":"(anonymous_21)","decl":{"start":{"line":93,"column":49},"end":{"line":null,"column":-1}},"loc":{"start":{"line":93,"column":49},"end":{"line":93,"column":29}}},"6":{"name":"(anonymous_22)","decl":{"start":{"line":105,"column":20},"end":{"line":105,"column":32}},"loc":{"start":{"line":105,"column":33},"end":{"line":105,"column":6}}},"7":{"name":"(anonymous_23)","decl":{"start":{"line":106,"column":49},"end":{"line":null,"column":-1}},"loc":{"start":{"line":106,"column":49},"end":{"line":106,"column":29}}},"8":{"name":"(anonymous_25)","decl":{"start":{"line":131,"column":32},"end":{"line":131,"column":32}},"loc":{"start":{"line":131,"column":32},"end":{"line":131,"column":11}}}},"branchMap":{"0":{"loc":{"start":{"line":28,"column":6},"end":{"line":39,"column":7}},"type":"if","locations":[{"start":{"line":28,"column":6},"end":{"line":39,"column":7}},{"start":{"line":28,"column":6},"end":{"line":39,"column":7}}]},"1":{"loc":{"start":{"line":33,"column":10},"end":{"line":37,"column":11}},"type":"if","locations":[{"start":{"line":33,"column":10},"end":{"line":37,"column":11}},{"start":{"line":33,"column":10},"end":{"line":37,"column":11}}]},"2":{"loc":{"start":{"line":33,"column":14},"end":{"line":33,"column":13}},"type":"binary-expr","locations":[{"start":{"line":33,"column":14},"end":{"line":33,"column":13}},{"start":{"line":33,"column":26},"end":{"line":33,"column":10}}]},"3":{"loc":{"start":{"line":34,"column":12},"end":{"line":36,"column":13}},"type":"if","locations":[{"start":{"line":34,"column":12},"end":{"line":36,"column":13}},{"start":{"line":34,"column":12},"end":{"line":36,"column":13}}]},"4":{"loc":{"start":{"line":53,"column":6},"end":{"line":61,"column":7}},"type":"if","locations":[{"start":{"line":53,"column":6},"end":{"line":61,"column":7}},{"start":{"line":53,"column":6},"end":{"line":61,"column":7}}]},"5":{"loc":{"start":{"line":53,"column":10},"end":{"line":53,"column":9}},"type":"binary-expr","locations":[{"start":{"line":53,"column":10},"end":{"line":53,"column":9}},{"start":{"line":53,"column":22},"end":{"line":53,"column":6}}]},"6":{"loc":{"start":{"line":54,"column":8},"end":{"line":60,"column":9}},"type":"if","locations":[{"start":{"line":54,"column":8},"end":{"line":60,"column":9}},{"start":{"line":54,"column":8},"end":{"line":60,"column":9}}]},"7":{"loc":{"start":{"line":57,"column":10},"end":{"line":59,"column":11}},"type":"if","locations":[{"start":{"line":57,"column":10},"end":{"line":59,"column":11}},{"start":{"line":57,"column":10},"end":{"line":59,"column":11}}]},"8":{"loc":{"start":{"line":70,"column":6},"end":{"line":72,"column":7}},"type":"if","locations":[{"start":{"line":70,"column":6},"end":{"line":72,"column":7}},{"start":{"line":70,"column":6},"end":{"line":72,"column":7}}]},"9":{"loc":{"start":{"line":91,"column":4},"end":{"line":117,"column":5}},"type":"if","locations":[{"start":{"line":91,"column":4},"end":{"line":117,"column":5}},{"start":{"line":91,"column":4},"end":{"line":117,"column":5}}]},"10":{"loc":{"start":{"line":108,"column":41},"end":{"line":108,"column":21}},"type":"cond-expr","locations":[{"start":{"line":108,"column":41},"end":{"line":108,"column":21}},{"start":{"line":108,"column":48},"end":{"line":106,"column":58}}]}},"s":{"0":0,"1":0,"2":0,"3":0,"4":0,"5":0,"6":0,"7":0,"8":0,"9":0,"10":0,"11":0,"12":0,"13":0,"14":0,"15":0,"16":0,"17":0,"18":0,"19":0,"20":0,"21":0,"22":0,"23":0,"24":0,"25":0,"26":0,"27":0,"28":0,"29":0,"30":0,"31":0,"32":0,"33":0,"34":0,"35":0,"36":0,"37":0,"38":0,"39":0,"40":0,"41":0,"42":0,"43":0,"44":0,"45":0,"46":0,"47":0,"48":0,"49":0,"50":0,"51":0,"52":0,"53":0,"54":0,"55":0,"56":0},"f":{"0":0,"1":0,"2":0,"3":0,"4":0,"5":0,"6":0,"7":0,"8":0},"b":{"0":[0,0],"1":[0,0],"2":[0,0],"3":[0,0],"4":[0,0],"5":[0,0],"6":[0,0],"7":[0,0],"8":[0,0],"9":[0,0],"10":[0,0]}}
,"/Users/horanzu/Documents/programming/personal_projects/minesweeper/minesweeper/tile.js": {"path":"/Users/horanzu/Documents/programming/personal_projects/minesweeper/minesweeper/tile.js","statementMap":{"0":{"start":{"line":1,"column":0},"end":{"line":null,"column":-1}},"1":{"start":{"line":2,"column":0},"end":{"line":null,"column":-1}},"2":{"start":{"line":3,"column":0},"end":{"line":null,"column":-1}},"3":{"start":{"line":4,"column":0},"end":{"line":null,"column":-1}},"4":{"start":{"line":5,"column":0},"end":{"line":null,"column":-1}},"5":{"start":{"line":6,"column":0},"end":{"line":null,"column":-1}},"6":{"start":{"line":7,"column":0},"end":{"line":null,"column":-1}},"7":{"start":{"line":8,"column":0},"end":{"line":null,"column":-1}},"8":{"start":{"line":9,"column":0},"end":{"line":null,"column":-1}},"9":{"start":{"line":10,"column":0},"end":{"line":null,"column":-1}},"10":{"start":{"line":13,"column":10},"end":{"line":null,"column":-1}},"11":{"start":{"line":14,"column":4},"end":{"line":null,"column":-1}},"12":{"start":{"line":15,"column":6},"end":{"line":null,"column":-1}},"13":{"start":{"line":16,"column":6},"end":{"line":23,"column":7}},"14":{"start":{"line":17,"column":8},"end":{"line":20,"column":13}},"15":{"start":{"line":17,"column":38},"end":{"line":17,"column":8}},"16":{"start":{"line":18,"column":13},"end":{"line":20,"column":13}},"17":{"start":{"line":19,"column":10},"end":{"line":18,"column":13}},"18":{"start":{"line":20,"column":13},"end":{"line":null,"column":-1}},"19":{"start":{"line":21,"column":13},"end":{"line":23,"column":7}},"20":{"start":{"line":22,"column":8},"end":{"line":null,"column":-1}},"21":{"start":{"line":28,"column":21},"end":{"line":28,"column":4}},"22":{"start":{"line":40,"column":4},"end":{"line":null,"column":-1}},"23":{"start":{"line":44,"column":4},"end":{"line":null,"column":-1}},"24":{"start":{"line":71,"column":0},"end":{"line":null,"column":-1}}},"fnMap":{"0":{"name":"(anonymous_10)","decl":{"start":{"line":14,"column":11},"end":{"line":14,"column":15}},"loc":{"start":{"line":14,"column":16},"end":{"line":14,"column":4}}},"1":{"name":"(anonymous_13)","decl":{"start":{"line":53,"column":40},"end":{"line":53,"column":45}},"loc":{"start":{"line":53,"column":46},"end":{"line":53,"column":17}}},"2":{"name":"(anonymous_14)","decl":{"start":{"line":54,"column":46},"end":{"line":54,"column":51}},"loc":{"start":{"line":54,"column":52},"end":{"line":54,"column":23}}}},"branchMap":{"0":{"loc":{"start":{"line":16,"column":6},"end":{"line":23,"column":7}},"type":"if","locations":[{"start":{"line":16,"column":6},"end":{"line":23,"column":7}},{"start":{"line":16,"column":6},"end":{"line":23,"column":7}}]},"1":{"loc":{"start":{"line":17,"column":8},"end":{"line":20,"column":13}},"type":"if","locations":[{"start":{"line":17,"column":8},"end":{"line":20,"column":13}},{"start":{"line":17,"column":8},"end":{"line":20,"column":13}}]},"2":{"loc":{"start":{"line":18,"column":13},"end":{"line":20,"column":13}},"type":"if","locations":[{"start":{"line":18,"column":13},"end":{"line":20,"column":13}},{"start":{"line":18,"column":13},"end":{"line":20,"column":13}}]},"3":{"loc":{"start":{"line":21,"column":13},"end":{"line":23,"column":7}},"type":"if","locations":[{"start":{"line":21,"column":13},"end":{"line":23,"column":7}},{"start":{"line":21,"column":13},"end":{"line":23,"column":7}}]},"4":{"loc":{"start":{"line":48,"column":14},"end":{"line":47,"column":10}},"type":"cond-expr","locations":[{"start":{"line":48,"column":14},"end":{"line":47,"column":10}},{"start":{"line":51,"column":14},"end":{"line":45,"column":6}}]},"5":{"loc":{"start":{"line":49,"column":16},"end":{"line":48,"column":14}},"type":"cond-expr","locations":[{"start":{"line":49,"column":16},"end":{"line":48,"column":14}},{"start":{"line":50,"column":16},"end":{"line":47,"column":10}}]},"6":{"loc":{"start":{"line":53,"column":40},"end":{"line":53,"column":17}},"type":"cond-expr","locations":[{"start":{"line":53,"column":40},"end":{"line":53,"column":17}},{"start":{"line":53,"column":51},"end":{"line":45,"column":6}}]},"7":{"loc":{"start":{"line":54,"column":46},"end":{"line":54,"column":23}},"type":"cond-expr","locations":[{"start":{"line":54,"column":46},"end":{"line":54,"column":23}},{"start":{"line":54,"column":57},"end":{"line":null,"column":-1}}]},"8":{"loc":{"start":{"line":57,"column":10},"end":{"line":56,"column":9}},"type":"cond-expr","locations":[{"start":{"line":57,"column":10},"end":{"line":56,"column":9}},{"start":{"line":61,"column":12},"end":{"line":64,"column":10}}]},"9":{"loc":{"start":{"line":62,"column":10},"end":{"line":61,"column":12}},"type":"cond-expr","locations":[{"start":{"line":62,"column":10},"end":{"line":61,"column":12}},{"start":{"line":64,"column":10},"end":{"line":null,"column":-1}}]}},"s":{"0":0,"1":0,"2":0,"3":0,"4":0,"5":0,"6":0,"7":0,"8":0,"9":0,"10":0,"11":0,"12":0,"13":0,"14":0,"15":0,"16":0,"17":0,"18":0,"19":0,"20":0,"21":0,"22":0,"23":0,"24":0},"f":{"0":0,"1":0,"2":0},"b":{"0":[0,0],"1":[0,0],"2":[0,0],"3":[0,0],"4":[0,0],"5":[0,0],"6":[0,0],"7":[0,0],"8":[0,0],"9":[0,0]}}
,"/Users/horanzu/Documents/programming/personal_projects/minesweeper/src/app.js": {"path":"/Users/horanzu/Documents/programming/personal_projects/minesweeper/src/app.js","statementMap":{"0":{"start":{"line":1,"column":16},"end":{"line":1,"column":0}},"1":{"start":{"line":2,"column":19},"end":{"line":2,"column":0}},"2":{"start":{"line":3,"column":13},"end":{"line":3,"column":0}},"3":{"start":{"line":5,"column":12},"end":{"line":5,"column":0}},"4":{"start":{"line":6,"column":0},"end":{"line":null,"column":-1}},"5":{"start":{"line":8,"column":0},"end":{"line":null,"column":-1}},"6":{"start":{"line":9,"column":0},"end":{"line":null,"column":-1}},"7":{"start":{"line":10,"column":0},"end":{"line":null,"column":-1}},"8":{"start":{"line":12,"column":0},"end":{"line":null,"column":-1}}},"fnMap":{},"branchMap":{"0":{"loc":{"start":{"line":6,"column":16},"end":{"line":6,"column":15}},"type":"binary-expr","locations":[{"start":{"line":6,"column":16},"end":{"line":6,"column":15}},{"start":{"line":6,"column":36},"end":{"line":6,"column":0}}]}},"s":{"0":0,"1":0,"2":0,"3":0,"4":0,"5":0,"6":0,"7":0,"8":0},"f":{},"b":{"0":[0,0]}}
,"/Users/horanzu/Documents/programming/personal_projects/minesweeper/src/index.js": {"path":"/Users/horanzu/Documents/programming/personal_projects/minesweeper/src/index.js","statementMap":{"0":{"start":{"line":1,"column":12},"end":{"line":1,"column":0}},"1":{"start":{"line":3,"column":0},"end":{"line":null,"column":-1}},"2":{"start":{"line":4,"column":2},"end":{"line":null,"column":-1}}},"fnMap":{"0":{"name":"(anonymous_0)","decl":{"start":{"line":3,"column":28},"end":{"line":3,"column":33}},"loc":{"start":{"line":3,"column":34},"end":{"line":3,"column":0}}}},"branchMap":{},"s":{"0":0,"1":0,"2":0},"f":{"0":0},"b":{}}
,"/Users/horanzu/Documents/programming/personal_projects/minesweeper/utils/clone-board.js": {"path":"/Users/horanzu/Documents/programming/personal_projects/minesweeper/utils/clone-board.js","statementMap":{"0":{"start":{"line":1,"column":19},"end":{"line":1,"column":0}},"1":{"start":{"line":2,"column":2},"end":{"line":null,"column":-1}},"2":{"start":{"line":2,"column":19},"end":{"line":null,"column":-1}}},"fnMap":{"0":{"name":"cloneBoard","decl":{"start":{"line":1,"column":6},"end":{"line":1,"column":19}},"loc":{"start":{"line":1,"column":28},"end":{"line":1,"column":0}}},"1":{"name":"(anonymous_1)","decl":{"start":{"line":2,"column":19},"end":{"line":null,"column":-1}},"loc":{"start":{"line":2,"column":19},"end":{"line":2,"column":9}}}},"branchMap":{},"s":{"0":0,"1":0,"2":0},"f":{"0":0,"1":0},"b":{}}
,"/Users/horanzu/Documents/programming/personal_projects/minesweeper/utils/get-surrounding-tiles.js": {"path":"/Users/horanzu/Documents/programming/personal_projects/minesweeper/utils/get-surrounding-tiles.js","statementMap":{"0":{"start":{"line":1,"column":28},"end":{"line":1,"column":0}},"1":{"start":{"line":2,"column":2},"end":{"line":29,"column":3}},"2":{"start":{"line":3,"column":4},"end":{"line":null,"column":-1}},"3":{"start":{"line":10,"column":9},"end":{"line":29,"column":3}},"4":{"start":{"line":11,"column":4},"end":{"line":null,"column":-1}},"5":{"start":{"line":19,"column":4},"end":{"line":null,"column":-1}}},"fnMap":{"0":{"name":"getSurroundingTiles","decl":{"start":{"line":1,"column":6},"end":{"line":1,"column":28}},"loc":{"start":{"line":1,"column":50},"end":{"line":1,"column":0}}}},"branchMap":{"0":{"loc":{"start":{"line":2,"column":2},"end":{"line":29,"column":3}},"type":"if","locations":[{"start":{"line":2,"column":2},"end":{"line":29,"column":3}},{"start":{"line":2,"column":2},"end":{"line":29,"column":3}}]},"1":{"loc":{"start":{"line":10,"column":9},"end":{"line":29,"column":3}},"type":"if","locations":[{"start":{"line":10,"column":9},"end":{"line":29,"column":3}},{"start":{"line":10,"column":9},"end":{"line":29,"column":3}}]}},"s":{"0":0,"1":0,"2":0,"3":0,"4":0,"5":0},"f":{"0":0},"b":{"0":[0,0],"1":[0,0]}}
,"/Users/horanzu/Documents/programming/personal_projects/minesweeper/utils/random-number.js": {"path":"/Users/horanzu/Documents/programming/personal_projects/minesweeper/utils/random-number.js","statementMap":{"0":{"start":{"line":1,"column":21},"end":{"line":1,"column":0}},"1":{"start":{"line":2,"column":2},"end":{"line":null,"column":-1}}},"fnMap":{"0":{"name":"getRandomInt","decl":{"start":{"line":1,"column":6},"end":{"line":1,"column":21}},"loc":{"start":{"line":1,"column":28},"end":{"line":1,"column":0}}}},"branchMap":{},"s":{"0":0,"1":0},"f":{"0":0},"b":{}}
}
